# JRE version: Java(TM) SE Runtime Environment (8.0_191-b12) (build 1.8.0_191-b12)
# Java VM: Java HotSpot(TM) 64-Bit Server VM (25.191-b12 mixed mode windows-amd64 compressed oops)
Heap:
 PSYoungGen      total 237568K, used 72482K [0x000000076bd80000, 0x000000077e280000, 0x00000007c0000000)
  eden space 213504K, 24% used [0x000000076bd80000,0x000000076f186900,0x0000000778e00000)
  from space 24064K, 79% used [0x000000077cb00000,0x000000077ddc21e8,0x000000077e280000)
  to   space 19968K, 0% used [0x0000000778e00000,0x0000000778e00000,0x000000077a180000)
 ParOldGen       total 240128K, used 30640K [0x00000006c3800000, 0x00000006d2280000, 0x000000076bd80000)
  object space 240128K, 12% used [0x00000006c3800000,0x00000006c55ec000,0x00000006d2280000)
 Metaspace       used 65194K, capacity 69138K, committed 69208K, reserved 1110016K
  class space    used 8637K, capacity 9286K, committed 9304K, reserved 1048576K
GC Heap History (10 events):
Event: 3.790 GC heap before
{Heap before GC invocations=9 (full 2):
 PSYoungGen      total 164864K, used 153088K [0x000000076bd80000, 0x0000000779000000, 0x00000007c0000000)
  eden space 153088K, 100% used [0x000000076bd80000,0x0000000775300000,0x0000000775300000)
  from space 11776K, 0% used [0x0000000776080000,0x0000000776080000,0x0000000776c00000)
  to   space 13824K, 0% used [0x0000000775300000,0x0000000775300000,0x0000000776080000)
 ParOldGen       total 166912K, used 16840K [0x00000006c3800000, 0x00000006cdb00000, 0x000000076bd80000)
  object space 166912K, 10% used [0x00000006c3800000,0x00000006c4872048,0x00000006cdb00000)
 Metaspace       used 47654K, capacity 50182K, committed 50520K, reserved 1093632K
  class space    used 6254K, capacity 6672K, committed 6744K, reserved 1048576K
Event: 3.801 GC heap after
Heap after GC invocations=9 (full 2):
 PSYoungGen      total 166912K, used 13792K [0x000000076bd80000, 0x000000077b300000, 0x00000007c0000000)
  eden space 153088K, 0% used [0x000000076bd80000,0x000000076bd80000,0x0000000775300000)
  from space 13824K, 99% used [0x0000000775300000,0x0000000776078090,0x0000000776080000)
  to   space 17920K, 0% used [0x000000077a180000,0x000000077a180000,0x000000077b300000)
 ParOldGen       total 166912K, used 20681K [0x00000006c3800000, 0x00000006cdb00000, 0x000000076bd80000)
  object space 166912K, 12% used [0x00000006c3800000,0x00000006c4c32490,0x00000006cdb00000)
 Metaspace       used 47654K, capacity 50182K, committed 50520K, reserved 1093632K
  class space    used 6254K, capacity 6672K, committed 6744K, reserved 1048576K
}
Event: 4.808 GC heap before
{Heap before GC invocations=10 (full 2):
 PSYoungGen      total 166912K, used 117780K [0x000000076bd80000, 0x000000077b300000, 0x00000007c0000000)
  eden space 153088K, 67% used [0x000000076bd80000,0x000000077230d2c8,0x0000000775300000)
  from space 13824K, 99% used [0x0000000775300000,0x0000000776078090,0x0000000776080000)
  to   space 17920K, 0% used [0x000000077a180000,0x000000077a180000,0x000000077b300000)
 ParOldGen       total 166912K, used 20681K [0x00000006c3800000, 0x00000006cdb00000, 0x000000076bd80000)
  object space 166912K, 12% used [0x00000006c3800000,0x00000006c4c32490,0x00000006cdb00000)
 Metaspace       used 56055K, capacity 58864K, committed 59028K, reserved 1099776K
  class space    used 7425K, capacity 7883K, committed 7896K, reserved 1048576K
Event: 4.826 GC heap after
Heap after GC invocations=10 (full 2):
 PSYoungGen      total 231424K, used 15710K [0x000000076bd80000, 0x000000077b900000, 0x00000007c0000000)
  eden space 213504K, 0% used [0x000000076bd80000,0x000000076bd80000,0x0000000778e00000)
  from space 17920K, 87% used [0x000000077a180000,0x000000077b0d7820,0x000000077b300000)
  to   space 19968K, 0% used [0x0000000778e00000,0x0000000778e00000,0x000000077a180000)
 ParOldGen       total 166912K, used 20697K [0x00000006c3800000, 0x00000006cdb00000, 0x000000076bd80000)
  object space 166912K, 12% used [0x00000006c3800000,0x00000006c4c36490,0x00000006cdb00000)
 Metaspace       used 56055K, capacity 58864K, committed 59028K, reserved 1099776K
  class space    used 7425K, capacity 7883K, committed 7896K, reserved 1048576K
}
Event: 4.826 GC heap before
{Heap before GC invocations=11 (full 3):
 PSYoungGen      total 231424K, used 15710K [0x000000076bd80000, 0x000000077b900000, 0x00000007c0000000)
  eden space 213504K, 0% used [0x000000076bd80000,0x000000076bd80000,0x0000000778e00000)
  from space 17920K, 87% used [0x000000077a180000,0x000000077b0d7820,0x000000077b300000)
  to   space 19968K, 0% used [0x0000000778e00000,0x0000000778e00000,0x000000077a180000)
 ParOldGen       total 166912K, used 20697K [0x00000006c3800000, 0x00000006cdb00000, 0x000000076bd80000)
  object space 166912K, 12% used [0x00000006c3800000,0x00000006c4c36490,0x00000006cdb00000)
 Metaspace       used 56055K, capacity 58864K, committed 59028K, reserved 1099776K
  class space    used 7425K, capacity 7883K, committed 7896K, reserved 1048576K
Event: 4.939 GC heap after
Heap after GC invocations=11 (full 3):
 PSYoungGen      total 231424K, used 0K [0x000000076bd80000, 0x000000077b900000, 0x00000007c0000000)
  eden space 213504K, 0% used [0x000000076bd80000,0x000000076bd80000,0x0000000778e00000)
  from space 17920K, 0% used [0x000000077a180000,0x000000077a180000,0x000000077b300000)
  to   space 19968K, 0% used [0x0000000778e00000,0x0000000778e00000,0x000000077a180000)
 ParOldGen       total 240128K, used 27496K [0x00000006c3800000, 0x00000006d2280000, 0x000000076bd80000)
  object space 240128K, 11% used [0x00000006c3800000,0x00000006c52da238,0x00000006d2280000)
 Metaspace       used 56055K, capacity 58864K, committed 59028K, reserved 1099776K
  class space    used 7425K, capacity 7883K, committed 7896K, reserved 1048576K
}
Event: 7.206 GC heap before
{Heap before GC invocations=12 (full 3):
 PSYoungGen      total 231424K, used 213504K [0x000000076bd80000, 0x000000077b900000, 0x00000007c0000000)
  eden space 213504K, 100% used [0x000000076bd80000,0x0000000778e00000,0x0000000778e00000)
  from space 17920K, 0% used [0x000000077a180000,0x000000077a180000,0x000000077b300000)
  to   space 19968K, 0% used [0x0000000778e00000,0x0000000778e00000,0x000000077a180000)
 ParOldGen       total 240128K, used 27496K [0x00000006c3800000, 0x00000006d2280000, 0x000000076bd80000)
  object space 240128K, 11% used [0x00000006c3800000,0x00000006c52da238,0x00000006d2280000)
 Metaspace       used 64219K, capacity 68102K, committed 68440K, reserved 1107968K
  class space    used 8555K, capacity 9206K, committed 9304K, reserved 1048576K
Event: 7.222 GC heap after
Heap after GC invocations=12 (full 3):
 PSYoungGen      total 233472K, used 19963K [0x000000076bd80000, 0x000000077e280000, 0x00000007c0000000)
  eden space 213504K, 0% used [0x000000076bd80000,0x000000076bd80000,0x0000000778e00000)
  from space 19968K, 99% used [0x0000000778e00000,0x000000077a17ee08,0x000000077a180000)
  to   space 24064K, 0% used [0x000000077cb00000,0x000000077cb00000,0x000000077e280000)
 ParOldGen       total 240128K, used 30632K [0x00000006c3800000, 0x00000006d2280000, 0x000000076bd80000)
  object space 240128K, 12% used [0x00000006c3800000,0x00000006c55ea000,0x00000006d2280000)
 Metaspace       used 64219K, capacity 68102K, committed 68440K, reserved 1107968K
  class space    used 8555K, capacity 9206K, committed 9304K, reserved 1048576K
}
Event: 7.443 GC heap before
{Heap before GC invocations=13 (full 3):
 PSYoungGen      total 233472K, used 233467K [0x000000076bd80000, 0x000000077e280000, 0x00000007c0000000)
  eden space 213504K, 100% used [0x000000076bd80000,0x0000000778e00000,0x0000000778e00000)
  from space 19968K, 99% used [0x0000000778e00000,0x000000077a17ee08,0x000000077a180000)
  to   space 24064K, 0% used [0x000000077cb00000,0x000000077cb00000,0x000000077e280000)
 ParOldGen       total 240128K, used 30632K [0x00000006c3800000, 0x00000006d2280000, 0x000000076bd80000)
  object space 240128K, 12% used [0x00000006c3800000,0x00000006c55ea000,0x00000006d2280000)
 Metaspace       used 64487K, capacity 68376K, committed 68696K, reserved 1107968K
  class space    used 8566K, capacity 9209K, committed 9304K, reserved 1048576K
Event: 7.456 GC heap after
Heap after GC invocations=13 (full 3):
 PSYoungGen      total 237568K, used 19208K [0x000000076bd80000, 0x000000077e280000, 0x00000007c0000000)
  eden space 213504K, 0% used [0x000000076bd80000,0x000000076bd80000,0x0000000778e00000)
  from space 24064K, 79% used [0x000000077cb00000,0x000000077ddc21e8,0x000000077e280000)
  to   space 19968K, 0% used [0x0000000778e00000,0x0000000778e00000,0x000000077a180000)
 ParOldGen       total 240128K, used 30640K [0x00000006c3800000, 0x00000006d2280000, 0x000000076bd80000)
  object space 240128K, 12% used [0x00000006c3800000,0x00000006c55ec000,0x00000006d2280000)
 Metaspace       used 64487K, capacity 68376K, committed 68696K, reserved 1107968K
  class space    used 8566K, capacity 9209K, committed 9304K, reserved 1048576K
}

